<?xml version="1.0" encoding="UTF-8" ?>
<testsuites>
  <testsuite errors="2" failures="1" hostname="owen" id="0" name="UserControllerSpec" package="ttt" tests="7" time="9.904" timestamp="2014-10-25T04:40:32">
      <properties />

      <testcase classname="ttt.UserControllerSpec" name="Test the index action returns the correct model" time="8.021" />

      <testcase classname="ttt.UserControllerSpec" name="Test the create action returns the correct model" time="0.181" />

      <testcase classname="ttt.UserControllerSpec" name="Test the save action correctly persists an instance" time="1.271">
          <error message="Cannot redirect for object [ttt.User : (unsaved)] it is not a domain or has no identifier. Use an explicit redirect instead " type="org.codehaus.groovy.grails.web.servlet.mvc.exceptions.CannotRedirectException">org.codehaus.groovy.grails.web.servlet.mvc.exceptions.CannotRedirectException: Cannot redirect for object [ttt.User : (unsaved)] it is not a domain or has no identifier. Use an explicit redirect instead 
	at ttt.UserController.tt__save_closure13_closure18(UserController.groovy:65)
	at ttt.UserController.$tt__save(UserController.groovy:62)
	at ttt.UserControllerSpec.Test the save action correctly persists an instance(UserControllerSpec.groovy:54)
</error>

      </testcase>

      <testcase classname="ttt.UserControllerSpec" name="Test that the show action returns the correct model" time="0.06" />

      <testcase classname="ttt.UserControllerSpec" name="Test that the edit action returns the correct model" time="0.051" />

      <testcase classname="ttt.UserControllerSpec" name="Test the update action performs an update on a valid domain instance" time="0.11">
          <error message="Cannot get property &apos;id&apos; on null object" type="java.lang.NullPointerException">java.lang.NullPointerException: Cannot get property &apos;id&apos; on null object
	at ttt.UserControllerSpec.Test the update action performs an update on a valid domain instance(UserControllerSpec.groovy:122)
</error>

      </testcase>

      <testcase classname="ttt.UserControllerSpec" name="Test that the delete action deletes an instance if it exists" time="0.1">
          <failure message="Condition not satisfied:&#xa;&#xa;User.count() == 1&#xa;     |       |&#xa;     0       false&#xa;" type="junit.framework.AssertionFailedError">junit.framework.AssertionFailedError: Condition not satisfied:

User.count() == 1
     |       |
     0       false

	at ttt.UserControllerSpec.Test that the delete action deletes an instance if it exists(UserControllerSpec.groovy:142)
</failure>

      </testcase>

      <system-out><![CDATA[--Output from Test the index action returns the correct model--
--Output from Test the create action returns the correct model--
--Output from Test the save action correctly persists an instance--
--Output from Test that the show action returns the correct model--
--Output from Test that the edit action returns the correct model--
--Output from Test the update action performs an update on a valid domain instance--
--Output from Test that the delete action deletes an instance if it exists--
]]></system-out>

      <system-err><![CDATA[--Output from Test the index action returns the correct model--
--Output from Test the create action returns the correct model--
--Output from Test the save action correctly persists an instance--
--Output from Test that the show action returns the correct model--
--Output from Test that the edit action returns the correct model--
--Output from Test the update action performs an update on a valid domain instance--
--Output from Test that the delete action deletes an instance if it exists--
]]></system-err>

  </testsuite>
</testsuites>
